<?xml version="1.0" encoding="UTF-8" ?>
<testsuite tests="4" failures="4" name="com.agilean.kata.FooClassTest" time="0.06" errors="0" skipped="0">
  <properties>
    <property name="java.runtime.name" value="Java(TM) SE Runtime Environment"/>
    <property name="java.vm.version" value="11.0.1+13-LTS"/>
    <property name="sun.boot.library.path" value="/Library/Java/JavaVirtualMachines/jdk-11.0.1.jdk/Contents/Home/lib"/>
    <property name="gopherProxySet" value="false"/>
    <property name="maven.multiModuleProjectDirectory" value="/Users/zhangye/workspace/coding-dojo/JmockitSample"/>
    <property name="java.vm.vendor" value="Oracle Corporation"/>
    <property name="java.vendor.url" value="http://java.oracle.com/"/>
    <property name="guice.disable.misplaced.annotation.check" value="true"/>
    <property name="path.separator" value=":"/>
    <property name="java.vm.name" value="Java HotSpot(TM) 64-Bit Server VM"/>
    <property name="sun.os.patch.level" value="unknown"/>
    <property name="user.script" value="Hans"/>
    <property name="user.country" value="CN"/>
    <property name="sun.java.launcher" value="SUN_STANDARD"/>
    <property name="java.vm.specification.name" value="Java Virtual Machine Specification"/>
    <property name="user.dir" value="/Users/zhangye/workspace/coding-dojo/JmockitSample"/>
    <property name="java.vm.compressedOopsMode" value="Zero based"/>
    <property name="java.runtime.version" value="11.0.1+13-LTS"/>
    <property name="java.awt.graphicsenv" value="sun.awt.CGraphicsEnvironment"/>
    <property name="os.arch" value="x86_64"/>
    <property name="java.io.tmpdir" value="/var/folders/tt/s8k8h_n10tq3xwcpngz40cv80000gn/T/"/>
    <property name="line.separator" value="
"/>
    <property name="java.vm.specification.vendor" value="Oracle Corporation"/>
    <property name="os.name" value="Mac OS X"/>
    <property name="classworlds.conf" value="/usr/local/Cellar/maven/3.3.9/libexec/bin/m2.conf"/>
    <property name="sun.jnu.encoding" value="UTF-8"/>
    <property name="java.library.path" value="/Users/zhangye/Library/Java/Extensions:/Library/Java/Extensions:/Network/Library/Java/Extensions:/System/Library/Java/Extensions:/usr/lib/java:."/>
    <property name="jdk.debug" value="release"/>
    <property name="java.class.version" value="55.0"/>
    <property name="java.specification.name" value="Java Platform API Specification"/>
    <property name="sun.management.compiler" value="HotSpot 64-Bit Tiered Compilers"/>
    <property name="os.version" value="10.14.1"/>
    <property name="user.home" value="/Users/zhangye"/>
    <property name="user.timezone" value="Asia/Shanghai"/>
    <property name="java.awt.printerjob" value="sun.lwawt.macosx.CPrinterJob"/>
    <property name="file.encoding" value="UTF-8"/>
    <property name="java.specification.version" value="11"/>
    <property name="user.name" value="zhangye"/>
    <property name="java.class.path" value="/usr/local/Cellar/maven/3.3.9/libexec/boot/plexus-classworlds-2.5.2.jar"/>
    <property name="java.vm.specification.version" value="11"/>
    <property name="sun.arch.data.model" value="64"/>
    <property name="sun.java.command" value="org.codehaus.plexus.classworlds.launcher.Launcher test"/>
    <property name="java.home" value="/Library/Java/JavaVirtualMachines/jdk-11.0.1.jdk/Contents/Home"/>
    <property name="user.language" value="zh"/>
    <property name="java.specification.vendor" value="Oracle Corporation"/>
    <property name="awt.toolkit" value="sun.lwawt.macosx.LWCToolkit"/>
    <property name="java.vm.info" value="mixed mode"/>
    <property name="java.version" value="11.0.1"/>
    <property name="java.vendor" value="Oracle Corporation"/>
    <property name="maven.home" value="/usr/local/Cellar/maven/3.3.9/libexec"/>
    <property name="file.separator" value="/"/>
    <property name="java.version.date" value="2018-10-16"/>
    <property name="java.vendor.url.bug" value="http://bugreport.java.com/bugreport/"/>
    <property name="sun.io.unicode.encoding" value="UnicodeBig"/>
    <property name="sun.cpu.endian" value="little"/>
    <property name="java.vendor.version" value="18.9"/>
    <property name="sun.cpu.isalist" value=""/>
  </properties>
  <testcase classname="com.agilean.kata.FooClassTest" name="com.agilean.kata.FooClassTest.testFooClass_CallMethodMsg_ShouldBeOK" time="0.03">
    <failure type="java.lang.NullPointerException">java.lang.NullPointerException
	at com.agilean.kata.FooClassTest.testFooClass_CallMethodMsg_ShouldBeOK(FooClassTest.java:39)
</failure>
  </testcase>
  <testcase classname="com.agilean.kata.FooClassTest" name="com.agilean.kata.FooClassTest.testFooClass_CallDoSth_ShouldBeOK" time="0.002">
    <failure type="java.lang.NullPointerException">java.lang.NullPointerException
	at com.agilean.kata.FooClassTest$3.&lt;init&gt;(FooClassTest.java:52)
	at com.agilean.kata.FooClassTest.testFooClass_CallDoSth_ShouldBeOK(FooClassTest.java:51)
</failure>
  </testcase>
  <testcase classname="com.agilean.kata.FooClassTest" name="com.agilean.kata.FooClassTest.testFooClass_CallStaticMethod_EqualsMockString" time="0.018">
    <failure type="java.lang.AssertionError">java.lang.AssertionError
	at mockit.internal.expectations.RecordAndReplayExecution.startVerifications(RecordAndReplayExecution.java:285)
	at mockit.Verifications.&lt;init&gt;(Verifications.java:60)
	at mockit.Verifications.&lt;init&gt;(Verifications.java:56)
	at com.agilean.kata.FooClassTest$5.&lt;init&gt;(FooClassTest.java:75)
	at com.agilean.kata.FooClassTest.testFooClass_CallStaticMethod_EqualsMockString(FooClassTest.java:75)
</failure>
  </testcase>
  <testcase classname="com.agilean.kata.FooClassTest" name="com.agilean.kata.FooClassTest.testFooClass_CallFinalMethod_EqualsMockString" time="0.01">
    <failure type="java.lang.NullPointerException">java.lang.NullPointerException
	at com.agilean.kata.FooClassTest.testFooClass_CallFinalMethod_EqualsMockString(FooClassTest.java:96)
</failure>
  </testcase>
</testsuite>